<?xml version="1.0" encoding="UTF-8"?>
<!-- Generated by org.testng.reporters.JUnitXMLReporter -->
<testsuite ignored="0" hostname="DESKTOP-1RC6DB7" failures="0" tests="3" name="Test" time="217.267" errors="0" timestamp="2022-11-05T17:53:58 IST">
  <testcase classname="Test_NG_programmes.Parallel2" name="TC1" time="96.082"/>
  <testcase classname="Test_NG_programmes.Parallel1" name="TC1" time="68.639"/>
  <testcase classname="Test_NG_programmes.Parallel3" name="TC1" time="52.42"/>
</testsuite> <!-- Test -->
