<?xml version="1.0" encoding="UTF-8"?>
<!-- Generated by org.testng.reporters.JUnitXMLReporter -->
<testsuite ignored="0" hostname="DESKTOP-1RC6DB7" failures="0" tests="9" name="Test" time="0.183" errors="0" timestamp="2023-01-02T00:24:31 IST">
  <testcase classname="Test_NG_programmes.A3" name="TC7" time="0.024"/>
  <testcase classname="Test_NG_programmes.A3" name="TC8" time="0.003"/>
  <testcase classname="Test_NG_programmes.A3" name="TC9" time="0.005"/>
  <testcase classname="Test_NG_programmes.A2" name="TC4" time="0.005"/>
  <testcase classname="Test_NG_programmes.A2" name="TC5" time="0.003"/>
  <testcase classname="Test_NG_programmes.A2" name="TC6" time="0.006"/>
  <testcase classname="Test_NG_programmes.A1" name="TC1" time="0.002"/>
  <testcase classname="Test_NG_programmes.A1" name="TC2" time="0.004"/>
  <testcase classname="Test_NG_programmes.A1" name="TC3" time="0.003"/>
</testsuite> <!-- Test -->
