<?xml version="1.0" encoding="UTF-8"?>
<testng-results ignored="0" total="2" passed="2" failed="0" skipped="0">
  <reporter-output>
  </reporter-output>
  <suite started-at="2022-11-08T09:19:26 IST" name="Suite" finished-at="2022-11-08T09:21:37 IST" duration-ms="131524">
    <groups>
    </groups>
    <test started-at="2022-11-08T09:19:26 IST" name="Test1" finished-at="2022-11-08T09:20:30 IST" duration-ms="63733">
      <class name="MultiBrowser_Testing.B">
        <test-method signature="TC(java.lang.String)[pri:0, instance:MultiBrowser_Testing.B@4d465b11]" started-at="2022-11-08T09:19:26 IST" name="TC" finished-at="2022-11-08T09:20:29 IST" duration-ms="63634" status="PASS">
          <params>
            <param index="0">
              <value>
                <![CDATA[Chrome]]>
              </value>
            </param>
          </params>
          <reporter-output>
          </reporter-output>
        </test-method> <!-- TC -->
      </class> <!-- MultiBrowser_Testing.B -->
    </test> <!-- Test1 -->
    <test started-at="2022-11-08T09:19:26 IST" name="Test2" finished-at="2022-11-08T09:21:37 IST" duration-ms="131524">
      <class name="MultiBrowser_Testing.B">
        <test-method signature="TC(java.lang.String)[pri:0, instance:MultiBrowser_Testing.B@12aba8be]" started-at="2022-11-08T09:19:26 IST" name="TC" finished-at="2022-11-08T09:21:37 IST" duration-ms="131446" status="PASS">
          <params>
            <param index="0">
              <value>
                <![CDATA[Firefox]]>
              </value>
            </param>
          </params>
          <reporter-output>
          </reporter-output>
        </test-method> <!-- TC -->
      </class> <!-- MultiBrowser_Testing.B -->
    </test> <!-- Test2 -->
  </suite> <!-- Suite -->
</testng-results>
