<?xml version="1.0" encoding="UTF-8"?>
<testng-results ignored="0" total="1" passed="1" failed="0" skipped="0">
  <reporter-output>
    <line>
      <![CDATA[running verify text]]>
    </line>
  </reporter-output>
  <suite started-at="2023-01-07T18:05:15 IST" name="Default suite" finished-at="2023-01-07T18:06:14 IST" duration-ms="58231">
    <groups>
    </groups>
    <test started-at="2023-01-07T18:05:15 IST" name="Default test" finished-at="2023-01-07T18:06:14 IST" duration-ms="58231">
      <class name="POM_with_pagefactory_using_testng.Test">
        <test-method is-config="true" signature="openBrowser()[pri:0, instance:POM_with_pagefactory_using_testng.Test@43dac38f]" started-at="2023-01-07T18:05:16 IST" name="openBrowser" finished-at="2023-01-07T18:06:02 IST" duration-ms="46911" status="PASS">
          <reporter-output>
          </reporter-output>
        </test-method> <!-- openBrowser -->
        <test-method is-config="true" signature="openApp()[pri:0, instance:POM_with_pagefactory_using_testng.Test@43dac38f]" started-at="2023-01-07T18:06:02 IST" name="openApp" finished-at="2023-01-07T18:06:03 IST" duration-ms="734" status="PASS">
          <reporter-output>
          </reporter-output>
        </test-method> <!-- openApp -->
        <test-method signature="verifyText()[pri:0, instance:POM_with_pagefactory_using_testng.Test@43dac38f]" started-at="2023-01-07T18:06:03 IST" name="verifyText" finished-at="2023-01-07T18:06:14 IST" duration-ms="10522" status="PASS">
          <reporter-output>
            <line>
              <![CDATA[running verify text]]>
            </line>
          </reporter-output>
        </test-method> <!-- verifyText -->
      </class> <!-- POM_with_pagefactory_using_testng.Test -->
    </test> <!-- Default test -->
  </suite> <!-- Default suite -->
</testng-results>
